2025-06-17 09:57:43,352 - INFO - BTC-USD için veri çekme ve depolama iþlemi baþlatýldý. Tarih aralýðý: 2022-06-18 - 2025-06-17
2025-06-17 09:57:44,466 - INFO - BTC-USD için MultiIndex sütunlar düzeltildi.
2025-06-17 09:57:44,481 - INFO - BTC-USD için 1095 adet yeni veri baþarýyla kaydedildi (to_sql kullanýlarak).
2025-06-17 09:57:44,665 - INFO - BTC-USD için tüm teknik göstergeler hesaplandý.
2025-06-17 09:57:44,696 - INFO - BTC-USD için CCI hesaplandý.
2025-06-17 09:57:44,708 - INFO - BTC-USD için DI_plus ve DI_minus hesaplandý.
2025-06-17 09:57:44,710 - INFO - BTC-USD için Ultimate Oscillator hesaplandý.
2025-06-17 09:57:44,719 - INFO - BTC-USD için MFI hesaplandý.
2025-06-17 09:57:44,721 - INFO - BTC-USD için Günlük ve Log Getiriler hesaplandý.
2025-06-17 09:57:44,723 - INFO - BTC-USD için Volatilite_20 hesaplandý.
2025-06-17 09:57:44,726 - INFO - BTC-USD için ek gecikmeli özellikler eklendi.
2025-06-17 09:57:44,727 - INFO - BTC-USD için VWAP hesaplandý.
2025-06-17 09:57:44,728 - INFO - BTC-USD için CMF hesaplandý.
2025-06-17 09:57:44,729 - INFO - BTC-USD için TRIX hesaplandý.
2025-06-17 09:57:44,730 - INFO - BTC-USD için BB_Bandwidth hesaplandý.
2025-06-17 10:27:50,810 - INFO - BTC-USD için veri çekme ve depolama iþlemi baþlatýldý. Tarih aralýðý: 2022-06-18 - 2025-06-17
2025-06-17 10:27:51,765 - INFO - 'BTC-USD' için 2025-06-17 sonrasý yeni veri bulunamadý.
2025-06-17 10:27:51,917 - INFO - BTC-USD için tüm teknik göstergeler hesaplandý.
2025-06-17 10:27:51,946 - INFO - BTC-USD için CCI hesaplandý.
2025-06-17 10:27:51,957 - INFO - BTC-USD için DI_plus ve DI_minus hesaplandý.
2025-06-17 10:27:51,960 - INFO - BTC-USD için Ultimate Oscillator hesaplandý.
2025-06-17 10:27:51,969 - INFO - BTC-USD için MFI hesaplandý.
2025-06-17 10:27:51,971 - INFO - BTC-USD için Günlük ve Log Getiriler hesaplandý.
2025-06-17 10:27:51,972 - INFO - BTC-USD için Volatilite_20 hesaplandý.
2025-06-17 10:27:51,975 - INFO - BTC-USD için ek gecikmeli özellikler eklendi.
2025-06-17 10:27:51,977 - INFO - BTC-USD için VWAP hesaplandý.
2025-06-17 10:27:51,978 - INFO - BTC-USD için CMF hesaplandý.
2025-06-17 10:27:51,979 - INFO - BTC-USD için TRIX hesaplandý.
2025-06-17 10:27:51,980 - INFO - BTC-USD için BB_Bandwidth hesaplandý.
2025-06-17 11:06:21,027 - INFO - BTC-USD için veri çekme ve depolama iþlemi baþlatýldý. Tarih aralýðý: 2022-06-18 - 2025-06-17
2025-06-17 11:06:22,235 - INFO - 'BTC-USD' için 2025-06-17 sonrasý yeni veri bulunamadý.
2025-06-17 11:06:22,398 - INFO - BTC-USD için tüm teknik göstergeler hesaplandý.
2025-06-17 11:06:22,428 - INFO - BTC-USD için CCI hesaplandý.
2025-06-17 11:06:22,441 - INFO - BTC-USD için DI_plus ve DI_minus hesaplandý.
2025-06-17 11:06:22,444 - INFO - BTC-USD için Ultimate Oscillator hesaplandý.
2025-06-17 11:06:22,453 - INFO - BTC-USD için MFI hesaplandý.
2025-06-17 11:06:22,456 - INFO - BTC-USD için Günlük ve Log Getiriler hesaplandý.
2025-06-17 11:06:22,457 - INFO - BTC-USD için Volatilite_20 hesaplandý.
2025-06-17 11:06:22,459 - INFO - BTC-USD için ek gecikmeli özellikler eklendi.
2025-06-17 11:06:22,460 - INFO - BTC-USD için VWAP hesaplandý.
2025-06-17 11:06:22,461 - INFO - BTC-USD için CMF hesaplandý.
2025-06-17 11:06:22,463 - INFO - BTC-USD için TRIX hesaplandý.
2025-06-17 11:06:22,464 - INFO - BTC-USD için BB_Bandwidth hesaplandý.
2025-06-17 11:33:15,133 - INFO - ETH-USD için veri çekme ve depolama iþlemi baþlatýldý. Tarih aralýðý: 2022-06-18 - 2025-06-17
2025-06-17 11:33:15,573 - INFO - ETH-USD için MultiIndex sütunlar düzeltildi.
2025-06-17 11:33:15,596 - INFO - ETH-USD için 1095 adet yeni veri baþarýyla kaydedildi (to_sql kullanýlarak).
2025-06-17 11:33:15,748 - INFO - ETH-USD için tüm teknik göstergeler hesaplandý.
2025-06-17 11:33:15,780 - INFO - ETH-USD için CCI hesaplandý.
2025-06-17 11:33:15,791 - INFO - ETH-USD için DI_plus ve DI_minus hesaplandý.
2025-06-17 11:33:15,795 - INFO - ETH-USD için Ultimate Oscillator hesaplandý.
2025-06-17 11:33:15,804 - INFO - ETH-USD için MFI hesaplandý.
2025-06-17 11:33:15,806 - INFO - ETH-USD için Günlük ve Log Getiriler hesaplandý.
2025-06-17 11:33:15,807 - INFO - ETH-USD için Volatilite_20 hesaplandý.
2025-06-17 11:33:15,811 - INFO - ETH-USD için ek gecikmeli özellikler eklendi.
2025-06-17 11:33:15,812 - INFO - ETH-USD için VWAP hesaplandý.
2025-06-17 11:33:15,814 - INFO - ETH-USD için CMF hesaplandý.
2025-06-17 11:33:15,815 - INFO - ETH-USD için TRIX hesaplandý.
2025-06-17 11:33:15,816 - INFO - ETH-USD için BB_Bandwidth hesaplandý.
2025-06-17 11:50:22,138 - INFO - SOL-USD için veri çekme ve depolama iþlemi baþlatýldý. Tarih aralýðý: 2022-06-18 - 2025-06-17
2025-06-17 11:50:22,809 - INFO - SOL-USD için MultiIndex sütunlar düzeltildi.
2025-06-17 11:50:22,831 - INFO - SOL-USD için 1095 adet yeni veri baþarýyla kaydedildi (to_sql kullanýlarak).
2025-06-17 11:50:22,973 - INFO - SOL-USD için tüm teknik göstergeler hesaplandý.
2025-06-17 11:50:23,014 - INFO - SOL-USD için CCI hesaplandý.
2025-06-17 11:50:23,030 - INFO - SOL-USD için DI_plus ve DI_minus hesaplandý.
2025-06-17 11:50:23,032 - INFO - SOL-USD için Ultimate Oscillator hesaplandý.
2025-06-17 11:50:23,041 - INFO - SOL-USD için MFI hesaplandý.
2025-06-17 11:50:23,043 - INFO - SOL-USD için Günlük ve Log Getiriler hesaplandý.
2025-06-17 11:50:23,043 - INFO - SOL-USD için Volatilite_20 hesaplandý.
2025-06-17 11:50:23,046 - INFO - SOL-USD için ek gecikmeli özellikler eklendi.
2025-06-17 11:50:23,047 - INFO - SOL-USD için VWAP hesaplandý.
2025-06-17 11:50:23,048 - INFO - SOL-USD için CMF hesaplandý.
2025-06-17 11:50:23,049 - INFO - SOL-USD için TRIX hesaplandý.
2025-06-17 11:50:23,050 - INFO - SOL-USD için BB_Bandwidth hesaplandý.
2025-06-17 12:11:40,649 - INFO - XRP-USD için veri çekme ve depolama iþlemi baþlatýldý. Tarih aralýðý: 2022-06-18 - 2025-06-17
2025-06-17 12:11:41,195 - INFO - XRP-USD için MultiIndex sütunlar düzeltildi.
2025-06-17 12:11:41,210 - INFO - XRP-USD için 1095 adet yeni veri baþarýyla kaydedildi (to_sql kullanýlarak).
2025-06-17 12:11:41,365 - INFO - XRP-USD için tüm teknik göstergeler hesaplandý.
2025-06-17 12:11:41,393 - INFO - XRP-USD için CCI hesaplandý.
2025-06-17 12:11:41,404 - INFO - XRP-USD için DI_plus ve DI_minus hesaplandý.
2025-06-17 12:11:41,406 - INFO - XRP-USD için Ultimate Oscillator hesaplandý.
2025-06-17 12:11:41,416 - INFO - XRP-USD için MFI hesaplandý.
2025-06-17 12:11:41,417 - INFO - XRP-USD için Günlük ve Log Getiriler hesaplandý.
2025-06-17 12:11:41,418 - INFO - XRP-USD için Volatilite_20 hesaplandý.
2025-06-17 12:11:41,422 - INFO - XRP-USD için ek gecikmeli özellikler eklendi.
2025-06-17 12:11:41,423 - INFO - XRP-USD için VWAP hesaplandý.
2025-06-17 12:11:41,424 - INFO - XRP-USD için CMF hesaplandý.
2025-06-17 12:11:41,425 - INFO - XRP-USD için TRIX hesaplandý.
2025-06-17 12:11:41,426 - INFO - XRP-USD için BB_Bandwidth hesaplandý.
2025-06-17 12:28:35,920 - INFO - ADA-USD için veri çekme ve depolama iþlemi baþlatýldý. Tarih aralýðý: 2022-06-18 - 2025-06-17
2025-06-17 12:28:36,501 - INFO - ADA-USD için MultiIndex sütunlar düzeltildi.
2025-06-17 12:28:36,520 - INFO - ADA-USD için 1095 adet yeni veri baþarýyla kaydedildi (to_sql kullanýlarak).
2025-06-17 12:28:36,673 - INFO - ADA-USD için tüm teknik göstergeler hesaplandý.
2025-06-17 12:28:36,703 - INFO - ADA-USD için CCI hesaplandý.
2025-06-17 12:28:36,714 - INFO - ADA-USD için DI_plus ve DI_minus hesaplandý.
2025-06-17 12:28:36,717 - INFO - ADA-USD için Ultimate Oscillator hesaplandý.
2025-06-17 12:28:36,726 - INFO - ADA-USD için MFI hesaplandý.
2025-06-17 12:28:36,727 - INFO - ADA-USD için Günlük ve Log Getiriler hesaplandý.
2025-06-17 12:28:36,728 - INFO - ADA-USD için Volatilite_20 hesaplandý.
2025-06-17 12:28:36,731 - INFO - ADA-USD için ek gecikmeli özellikler eklendi.
2025-06-17 12:28:36,732 - INFO - ADA-USD için VWAP hesaplandý.
2025-06-17 12:28:36,733 - INFO - ADA-USD için CMF hesaplandý.
2025-06-17 12:28:36,734 - INFO - ADA-USD için TRIX hesaplandý.
2025-06-17 12:28:36,735 - INFO - ADA-USD için BB_Bandwidth hesaplandý.
2025-06-17 12:44:41,869 - INFO - DOGE-USD için veri çekme ve depolama iþlemi baþlatýldý. Tarih aralýðý: 2022-06-18 - 2025-06-17
2025-06-17 12:44:42,668 - INFO - DOGE-USD için MultiIndex sütunlar düzeltildi.
2025-06-17 12:44:42,690 - INFO - DOGE-USD için 1095 adet yeni veri baþarýyla kaydedildi (to_sql kullanýlarak).
2025-06-17 12:44:42,851 - INFO - DOGE-USD için tüm teknik göstergeler hesaplandý.
2025-06-17 12:44:42,880 - INFO - DOGE-USD için CCI hesaplandý.
2025-06-17 12:44:42,893 - INFO - DOGE-USD için DI_plus ve DI_minus hesaplandý.
2025-06-17 12:44:42,896 - INFO - DOGE-USD için Ultimate Oscillator hesaplandý.
2025-06-17 12:44:42,907 - INFO - DOGE-USD için MFI hesaplandý.
2025-06-17 12:44:42,909 - INFO - DOGE-USD için Günlük ve Log Getiriler hesaplandý.
2025-06-17 12:44:42,910 - INFO - DOGE-USD için Volatilite_20 hesaplandý.
2025-06-17 12:44:42,912 - INFO - DOGE-USD için ek gecikmeli özellikler eklendi.
2025-06-17 12:44:42,913 - INFO - DOGE-USD için VWAP hesaplandý.
2025-06-17 12:44:42,914 - INFO - DOGE-USD için CMF hesaplandý.
2025-06-17 12:44:42,916 - INFO - DOGE-USD için TRIX hesaplandý.
2025-06-17 12:44:42,916 - INFO - DOGE-USD için BB_Bandwidth hesaplandý.
2025-06-17 13:03:45,302 - INFO - BNB-USD için veri çekme ve depolama iþlemi baþlatýldý. Tarih aralýðý: 2022-06-18 - 2025-06-17
2025-06-17 13:03:45,997 - INFO - BNB-USD için MultiIndex sütunlar düzeltildi.
2025-06-17 13:03:46,012 - INFO - BNB-USD için 1095 adet yeni veri baþarýyla kaydedildi (to_sql kullanýlarak).
2025-06-17 13:03:46,203 - INFO - BNB-USD için tüm teknik göstergeler hesaplandý.
2025-06-17 13:03:46,235 - INFO - BNB-USD için CCI hesaplandý.
2025-06-17 13:03:46,248 - INFO - BNB-USD için DI_plus ve DI_minus hesaplandý.
2025-06-17 13:03:46,251 - INFO - BNB-USD için Ultimate Oscillator hesaplandý.
2025-06-17 13:03:46,263 - INFO - BNB-USD için MFI hesaplandý.
2025-06-17 13:03:46,264 - INFO - BNB-USD için Günlük ve Log Getiriler hesaplandý.
2025-06-17 13:03:46,265 - INFO - BNB-USD için Volatilite_20 hesaplandý.
2025-06-17 13:03:46,269 - INFO - BNB-USD için ek gecikmeli özellikler eklendi.
2025-06-17 13:03:46,270 - INFO - BNB-USD için VWAP hesaplandý.
2025-06-17 13:03:46,272 - INFO - BNB-USD için CMF hesaplandý.
2025-06-17 13:03:46,273 - INFO - BNB-USD için TRIX hesaplandý.
2025-06-17 13:03:46,273 - INFO - BNB-USD için BB_Bandwidth hesaplandý.
2025-06-17 14:57:41,924 - INFO - XRP-USD için veri çekme ve depolama iþlemi baþlatýldý. Tarih aralýðý: 2022-06-18 - 2025-06-17
2025-06-17 14:57:42,585 - INFO - 'XRP-USD' için 2025-06-17 sonrasý yeni veri bulunamadý.
2025-06-17 14:57:42,757 - INFO - XRP-USD için tüm teknik göstergeler hesaplandý.
2025-06-17 14:57:42,794 - INFO - XRP-USD için CCI hesaplandý.
2025-06-17 14:57:42,807 - INFO - XRP-USD için DI_plus ve DI_minus hesaplandý.
2025-06-17 14:57:42,809 - INFO - XRP-USD için Ultimate Oscillator hesaplandý.
2025-06-17 14:57:42,820 - INFO - XRP-USD için MFI hesaplandý.
2025-06-17 14:57:42,822 - INFO - XRP-USD için Günlük ve Log Getiriler hesaplandý.
2025-06-17 14:57:42,822 - INFO - XRP-USD için Volatilite_20 hesaplandý.
2025-06-17 14:57:42,826 - INFO - XRP-USD için ek gecikmeli özellikler eklendi.
2025-06-17 14:57:42,827 - INFO - XRP-USD için VWAP hesaplandý.
2025-06-17 14:57:42,829 - INFO - XRP-USD için CMF hesaplandý.
2025-06-17 14:57:42,830 - INFO - XRP-USD için TRIX hesaplandý.
2025-06-17 14:57:42,831 - INFO - XRP-USD için BB_Bandwidth hesaplandý.
2025-06-17 14:59:26,030 - INFO - ETH-USD için veri çekme ve depolama iþlemi baþlatýldý. Tarih aralýðý: 2022-06-18 - 2025-06-17
2025-06-17 14:59:26,637 - INFO - 'ETH-USD' için 2025-06-17 sonrasý yeni veri bulunamadý.
2025-06-17 14:59:26,782 - INFO - ETH-USD için tüm teknik göstergeler hesaplandý.
2025-06-17 14:59:26,815 - INFO - ETH-USD için CCI hesaplandý.
2025-06-17 14:59:26,826 - INFO - ETH-USD için DI_plus ve DI_minus hesaplandý.
2025-06-17 14:59:26,829 - INFO - ETH-USD için Ultimate Oscillator hesaplandý.
2025-06-17 14:59:26,838 - INFO - ETH-USD için MFI hesaplandý.
2025-06-17 14:59:26,839 - INFO - ETH-USD için Günlük ve Log Getiriler hesaplandý.
2025-06-17 14:59:26,840 - INFO - ETH-USD için Volatilite_20 hesaplandý.
2025-06-17 14:59:26,843 - INFO - ETH-USD için ek gecikmeli özellikler eklendi.
2025-06-17 14:59:26,845 - INFO - ETH-USD için VWAP hesaplandý.
2025-06-17 14:59:26,846 - INFO - ETH-USD için CMF hesaplandý.
2025-06-17 14:59:26,847 - INFO - ETH-USD için TRIX hesaplandý.
2025-06-17 14:59:26,848 - INFO - ETH-USD için BB_Bandwidth hesaplandý.
2025-06-17 15:01:24,015 - INFO - BTC-USD için veri çekme ve depolama iþlemi baþlatýldý. Tarih aralýðý: 2022-06-18 - 2025-06-17
2025-06-17 15:01:24,320 - INFO - 'BTC-USD' için 2025-06-17 sonrasý yeni veri bulunamadý.
2025-06-17 15:01:24,470 - INFO - BTC-USD için tüm teknik göstergeler hesaplandý.
2025-06-17 15:01:24,498 - INFO - BTC-USD için CCI hesaplandý.
2025-06-17 15:01:24,510 - INFO - BTC-USD için DI_plus ve DI_minus hesaplandý.
2025-06-17 15:01:24,514 - INFO - BTC-USD için Ultimate Oscillator hesaplandý.
2025-06-17 15:01:24,522 - INFO - BTC-USD için MFI hesaplandý.
2025-06-17 15:01:24,524 - INFO - BTC-USD için Günlük ve Log Getiriler hesaplandý.
2025-06-17 15:01:24,525 - INFO - BTC-USD için Volatilite_20 hesaplandý.
2025-06-17 15:01:24,528 - INFO - BTC-USD için ek gecikmeli özellikler eklendi.
2025-06-17 15:01:24,529 - INFO - BTC-USD için VWAP hesaplandý.
2025-06-17 15:01:24,530 - INFO - BTC-USD için CMF hesaplandý.
2025-06-17 15:01:24,532 - INFO - BTC-USD için TRIX hesaplandý.
2025-06-17 15:01:24,533 - INFO - BTC-USD için BB_Bandwidth hesaplandý.
2025-06-17 15:01:43,984 - INFO - DOGE-USD için veri çekme ve depolama iþlemi baþlatýldý. Tarih aralýðý: 2022-06-18 - 2025-06-17
2025-06-17 15:01:44,703 - INFO - 'DOGE-USD' için 2025-06-17 sonrasý yeni veri bulunamadý.
2025-06-17 15:01:44,855 - INFO - DOGE-USD için tüm teknik göstergeler hesaplandý.
2025-06-17 15:01:44,887 - INFO - DOGE-USD için CCI hesaplandý.
2025-06-17 15:01:44,900 - INFO - DOGE-USD için DI_plus ve DI_minus hesaplandý.
2025-06-17 15:01:44,902 - INFO - DOGE-USD için Ultimate Oscillator hesaplandý.
2025-06-17 15:01:44,911 - INFO - DOGE-USD için MFI hesaplandý.
2025-06-17 15:01:44,913 - INFO - DOGE-USD için Günlük ve Log Getiriler hesaplandý.
2025-06-17 15:01:44,914 - INFO - DOGE-USD için Volatilite_20 hesaplandý.
2025-06-17 15:01:44,916 - INFO - DOGE-USD için ek gecikmeli özellikler eklendi.
2025-06-17 15:01:44,918 - INFO - DOGE-USD için VWAP hesaplandý.
2025-06-17 15:01:44,919 - INFO - DOGE-USD için CMF hesaplandý.
2025-06-17 15:01:44,921 - INFO - DOGE-USD için TRIX hesaplandý.
2025-06-17 15:01:44,921 - INFO - DOGE-USD için BB_Bandwidth hesaplandý.
2025-06-17 15:02:15,361 - INFO - BNB-USD için veri çekme ve depolama iþlemi baþlatýldý. Tarih aralýðý: 2022-06-18 - 2025-06-17
2025-06-17 15:02:15,785 - INFO - 'BNB-USD' için 2025-06-17 sonrasý yeni veri bulunamadý.
2025-06-17 15:02:15,944 - INFO - BNB-USD için tüm teknik göstergeler hesaplandý.
2025-06-17 15:02:15,974 - INFO - BNB-USD için CCI hesaplandý.
2025-06-17 15:02:15,985 - INFO - BNB-USD için DI_plus ve DI_minus hesaplandý.
2025-06-17 15:02:15,987 - INFO - BNB-USD için Ultimate Oscillator hesaplandý.
2025-06-17 15:02:15,997 - INFO - BNB-USD için MFI hesaplandý.
2025-06-17 15:02:15,999 - INFO - BNB-USD için Günlük ve Log Getiriler hesaplandý.
2025-06-17 15:02:15,999 - INFO - BNB-USD için Volatilite_20 hesaplandý.
2025-06-17 15:02:16,002 - INFO - BNB-USD için ek gecikmeli özellikler eklendi.
2025-06-17 15:02:16,003 - INFO - BNB-USD için VWAP hesaplandý.
2025-06-17 15:02:16,004 - INFO - BNB-USD için CMF hesaplandý.
2025-06-17 15:02:16,006 - INFO - BNB-USD için TRIX hesaplandý.
2025-06-17 15:02:16,006 - INFO - BNB-USD için BB_Bandwidth hesaplandý.
